============================= test session starts =============================
platform win32 -- Python 3.13.14, pytest-9.1.1, pluggy-1.6.0 -- D:\aiWorkCode\aiWorkFlow\SnakePet优化工作流\.venv\Scripts\python.exe
rootdir: D:\aiWorkCode\professionalWork\updateSnakePet
collecting ... collected 71 items

tests/test_coil.py::test_coil_plan_feasible_and_layered PASSED           [  1%]
tests/test_coil.py::test_coil_geometry_t05 PASSED                        [  2%]
tests/test_coil.py::test_coil_in_bounds_t06 PASSED                       [  4%]
tests/test_coil.py::test_coil_cancel_when_no_space PASSED                [  5%]
tests/test_coil.py::test_coil_interrupt_by_food PASSED                   [  7%]
tests/test_coil.py::test_coil_interrupt_by_deviation PASSED              [  8%]
tests/test_coil.py::test_coil_short_snake_degrades PASSED                [  9%]
tests/test_config.py::test_defaults_when_missing PASSED                  [ 11%]
tests/test_config.py::test_roundtrip PASSED                              [ 12%]
tests/test_config.py::test_migration_from_ver1 PASSED                    [ 14%]
tests/test_config.py::test_migration_from_v4_config PASSED               [ 15%]
tests/test_config.py::test_corrupt_json_falls_back PASSED                [ 16%]
tests/test_config.py::test_extra_fields_preserved PASSED                 [ 18%]
tests/test_growth.py::test_digest_t11_1 PASSED                           [ 19%]
tests/test_growth.py::test_stage_t11_2 PASSED                            [ 21%]
tests/test_growth.py::test_stage_transition_smooth PASSED                [ 22%]
tests/test_growth.py::test_fatness_t11_3 PASSED                          [ 23%]
tests/test_growth.py::test_skin_unlock_t11_4 PASSED                      [ 25%]
tests/test_growth.py::test_achievements_t11_5 PASSED                     [ 26%]
tests/test_growth.py::test_state_roundtrip_and_corrupt PASSED            [ 28%]
tests/test_growth.py::test_autosave_toggle_v51 PASSED                    [ 29%]
tests/test_growth.py::test_periodic_save_clock PASSED                    [ 30%]
tests/test_hats.py::test_anchor_matrix_t09 PASSED                        [ 32%]
tests/test_hats.py::test_registry_missing_and_corrupt PASSED             [ 33%]
tests/test_hats.py::test_missing_png_falls_back PASSED                   [ 35%]
tests/test_hats.py::test_corrupt_png_falls_back PASSED                   [ 36%]
tests/test_hats.py::test_hat_config_roundtrip_and_invalid PASSED         [ 38%]
tests/test_hats.py::test_resolve_hat_semantics PASSED                    [ 39%]
tests/test_hats.py::test_renderer_rotates_and_falls_back PASSED          [ 40%]
tests/test_interact.py::test_petting_flow_t10 PASSED                     [ 42%]
tests/test_interact.py::test_petting_auto_complete PASSED                [ 43%]
tests/test_interact.py::test_drag_flow_t10 PASSED                        [ 45%]
tests/test_interact.py::test_short_press_no_action PASSED                [ 46%]
tests/test_interact.py::test_drag_keeps_segment_spacing PASSED           [ 47%]
tests/test_interact.py::test_drag_wakes_sleeping_snake PASSED            [ 49%]
tests/test_interact.py::test_conflict_matrix_desktop_spawn_unaffected PASSED [ 50%]
tests/test_interact.py::test_conflict_matrix_double_click_priority PASSED [ 52%]
tests/test_interact.py::test_conflict_matrix_right_click_menu PASSED     [ 53%]
tests/test_interact.py::test_feed_one_places_food PASSED                 [ 54%]
tests/test_menu_layout.py::test_menu_height_matches_prediction PASSED    [ 56%]
tests/test_menu_layout.py::test_last_row_is_exit_and_fits_inside_panel PASSED [ 57%]
tests/test_menu_layout.py::test_all_hits_inside_panel PASSED             [ 59%]
tests/test_menu_layout.py::test_toggle_rows_follow_single_source PASSED  [ 60%]
tests/test_menu_layout.py::test_exit_row_hit_calls_quit PASSED           [ 61%]
tests/test_menu_layout.py::test_menu_height_with_len_editor PASSED       [ 63%]
tests/test_menu_layout.py::test_rendered_image_contains_last_row_pixels PASSED [ 64%]
tests/test_render.py::test_render_smoke_not_empty PASSED                 [ 66%]
tests/test_render.py::test_themes_render_different_colors PASSED         [ 67%]
tests/test_render.py::test_head_at_front_of_body PASSED                  [ 69%]
tests/test_render.py::test_tongue_frame_draws PASSED                     [ 70%]
tests/test_render.py::test_head_sprite_override PASSED                   [ 71%]
tests/test_snake.py::test_active_eats_and_grows PASSED                   [ 73%]
tests/test_snake.py::test_quiet_does_not_eat PASSED                      [ 74%]
tests/test_snake.py::test_no_eat_flag_disables_eating PASSED             [ 76%]
tests/test_snake.py::test_stays_in_bounds_even_when_food_outside PASSED  [ 77%]
tests/test_snake.py::test_segment_spacing_close_to_seg PASSED            [ 78%]
tests/test_snake.py::test_ensure_path_len_covers_body PASSED             [ 80%]
tests/test_snake.py::test_body_len_floor PASSED                          [ 81%]
tests/test_snake.py::test_path_memory_capped PASSED                      [ 83%]
tests/test_snake.py::test_ok_respects_avoid_rects PASSED                 [ 84%]
tests/test_snake.py::test_pos_head_is_zero_behind PASSED                 [ 85%]
tests/test_snake.py::test_forced_angle_used_once PASSED                  [ 87%]
tests/test_snake.py::test_turn_continuity_t02 PASSED                     [ 88%]
tests/test_snake.py::test_chase_converge_800px_t03 PASSED                [ 90%]
tests/test_snake.py::test_corner_escape_t04 PASSED                       [ 91%]
tests/test_snake.py::test_avoid_rects_never_entered PASSED               [ 92%]
tests/test_snake.py::test_eat_radius_constant PASSED                     [ 94%]
tests/test_snake.py::test_min_turn_deadzone_v51 PASSED                   [ 95%]
tests/test_snake.py::test_initial_body_start_v51 PASSED                  [ 97%]
tests/test_snake.py::test_head_starts_at_spawn PASSED                    [ 98%]
tests/test_snake.py::test_initial_body_len PASSED                        [100%][safe-delete][SAFE_DELETE_FAIL_CLOSED] {"target": "\\\\?\\C:\\Users\\42884\\AppData\\Local\\Temp\\pytest-of-42884\\garbage-9df55983-287a-4cdd-8e83-e5f52561fdab", "reason": "windows-sandbox-recycle-bin-unavailable"}
[safe-delete][SAFE_DELETE_FAIL_CLOSED] {"target": "\\\\?\\C:\\Users\\42884\\AppData\\Local\\Temp\\pytest-of-42884\\garbage-61189f0b-dd81-4903-8781-e04a6b0b9ebc", "reason": "windows-sandbox-recycle-bin-unavailable"}


============================= 71 passed in 2.11s ==============================
