============================= test session starts =============================
platform win32 -- Python 3.13.14, pytest-9.1.1, pluggy-1.6.0 -- D:\aiWorkCode\aiWorkFlow\SnakePet优化工作流\.venv\Scripts\python.exe
cachedir: .pytest_cache
rootdir: D:\aiWorkCode\professionalWork\updateSnakePet
collecting ... collected 106 items

tests/test_coil.py::test_coil_plan_feasible_and_layered PASSED           [  0%]
tests/test_coil.py::test_coil_geometry_t05 PASSED                        [  1%]
tests/test_coil.py::test_coil_in_bounds_t06 PASSED                       [  2%]
tests/test_coil.py::test_coil_cancel_when_no_space PASSED                [  3%]
tests/test_coil.py::test_coil_interrupt_by_food PASSED                   [  4%]
tests/test_coil.py::test_coil_interrupt_by_deviation PASSED              [  5%]
tests/test_coil.py::test_coil_short_snake_degrades PASSED                [  6%]
tests/test_config.py::test_defaults_when_missing PASSED                  [  7%]
tests/test_config.py::test_roundtrip PASSED                              [  8%]
tests/test_config.py::test_migration_from_ver1 PASSED                    [  9%]
tests/test_config.py::test_migration_from_v4_config PASSED               [ 10%]
tests/test_config.py::test_corrupt_json_falls_back PASSED                [ 11%]
tests/test_config.py::test_extra_fields_preserved PASSED                 [ 12%]
tests/test_eat_semantics.py::test_quiet_mode_still_eats PASSED           [ 13%]
tests/test_eat_semantics.py::test_quiet_mode_eats_at_quiet_speed PASSED  [ 14%]
tests/test_eat_semantics.py::test_quiet_mode_respects_no_eat_switch PASSED [ 15%]
tests/test_eat_semantics.py::test_auto_mode_still_eats PASSED            [ 16%]
tests/test_eat_semantics.py::test_active_mode_eats_at_active_speed PASSED [ 16%]
tests/test_eat_semantics.py::test_snake_level_default_chase_matches_active PASSED [ 17%]
tests/test_eat_semantics.py::test_snake_level_chase_true_allows_slow_eating PASSED [ 18%]
tests/test_eat_semantics.py::test_snake_level_chase_false_blocks_eating_even_when_active PASSED [ 19%]
tests/test_growth.py::test_digest_t11_1 PASSED                           [ 20%]
tests/test_growth.py::test_stage_t11_2 PASSED                            [ 21%]
tests/test_growth.py::test_stage_transition_smooth PASSED                [ 22%]
tests/test_growth.py::test_fatness_t11_3 PASSED                          [ 23%]
tests/test_growth.py::test_skin_unlock_t11_4 PASSED                      [ 24%]
tests/test_growth.py::test_achievements_t11_5 PASSED                     [ 25%]
tests/test_growth.py::test_state_roundtrip_and_corrupt PASSED            [ 26%]
tests/test_growth.py::test_autosave_toggle_v51 PASSED                    [ 27%]
tests/test_growth.py::test_periodic_save_clock PASSED                    [ 28%]
tests/test_hats.py::test_anchor_matrix_t09 PASSED                        [ 29%]
tests/test_hats.py::test_registry_missing_and_corrupt PASSED             [ 30%]
tests/test_hats.py::test_missing_png_falls_back PASSED                   [ 31%]
tests/test_hats.py::test_corrupt_png_falls_back PASSED                   [ 32%]
tests/test_hats.py::test_hat_config_roundtrip_and_invalid PASSED         [ 33%]
tests/test_hats.py::test_resolve_hat_semantics PASSED                    [ 33%]
tests/test_hats.py::test_renderer_rotates_and_falls_back PASSED          [ 34%]
tests/test_hats_meta.py::test_json_overrides_default_fields PASSED       [ 35%]
tests/test_hats_meta.py::test_json_pivot_preserved_when_json_omits_it PASSED [ 36%]
tests/test_hats_meta.py::test_shipped_hats_json_matches_default_registry PASSED [ 37%]
tests/test_hats_meta.py::test_upright_hat_artworks_have_zero_base_offset PASSED [ 38%]
tests/test_hats_meta.py::test_crown_size_and_height_comparable_to_others PASSED [ 39%]
tests/test_hats_meta.py::test_wearing_line_aligns_to_anchor PASSED       [ 40%]
tests/test_interact.py::test_petting_flow_t10 PASSED                     [ 41%]
tests/test_interact.py::test_petting_auto_complete PASSED                [ 42%]
tests/test_interact.py::test_drag_flow_t10 PASSED                        [ 43%]
tests/test_interact.py::test_short_press_no_action PASSED                [ 44%]
tests/test_interact.py::test_drag_keeps_segment_spacing PASSED           [ 45%]
tests/test_interact.py::test_drag_wakes_sleeping_snake PASSED            [ 46%]
tests/test_interact.py::test_conflict_matrix_desktop_spawn_unaffected PASSED [ 47%]
tests/test_interact.py::test_conflict_matrix_double_click_priority PASSED [ 48%]
tests/test_interact.py::test_conflict_matrix_right_click_menu PASSED     [ 49%]
tests/test_interact.py::test_feed_one_places_food PASSED                 [ 50%]
tests/test_menu_layout.py::test_menu_height_matches_prediction PASSED    [ 50%]
tests/test_menu_layout.py::test_last_row_is_exit_and_fits_inside_panel PASSED [ 51%]
tests/test_menu_layout.py::test_all_hits_inside_panel PASSED             [ 52%]
tests/test_menu_layout.py::test_toggle_rows_follow_single_source PASSED  [ 53%]
tests/test_menu_layout.py::test_exit_row_hit_calls_quit PASSED           [ 54%]
tests/test_menu_layout.py::test_menu_height_with_len_editor PASSED       [ 55%]
tests/test_menu_layout.py::test_rendered_image_contains_last_row_pixels PASSED [ 56%]
tests/test_render.py::test_render_smoke_not_empty PASSED                 [ 57%]
tests/test_render.py::test_themes_render_different_colors PASSED         [ 58%]
tests/test_render.py::test_head_at_front_of_body PASSED                  [ 59%]
tests/test_render.py::test_tongue_frame_draws PASSED                     [ 60%]
tests/test_render.py::test_head_sprite_override PASSED                   [ 61%]
tests/test_render_sample.py::test_sample_spacing_straight_any_segment_length[1.16] PASSED [ 62%]
tests/test_render_sample.py::test_sample_spacing_straight_any_segment_length[8.0] PASSED [ 63%]
tests/test_render_sample.py::test_sample_spacing_straight_any_segment_length[20.0] PASSED [ 64%]
tests/test_render_sample.py::test_sample_spacing_straight_any_segment_length[30.0] PASSED [ 65%]
tests/test_render_sample.py::test_sample_spacing_straight_any_segment_length[50.0] PASSED [ 66%]
tests/test_render_sample.py::test_sample_spacing_curved[1.16] PASSED     [ 66%]
tests/test_render_sample.py::test_sample_spacing_curved[30.0] PASSED     [ 67%]
tests/test_render_sample.py::test_sample_count_matches_body_length PASSED [ 68%]
tests/test_render_sample.py::test_drag_max_step_segments_do_not_break_body PASSED [ 69%]
tests/test_render_sample.py::test_head_junction_has_no_gap PASSED        [ 70%]
tests/test_snake.py::test_active_eats_and_grows PASSED                   [ 71%]
tests/test_snake.py::test_quiet_does_not_eat PASSED                      [ 72%]
tests/test_snake.py::test_no_eat_flag_disables_eating PASSED             [ 73%]
tests/test_snake.py::test_stays_in_bounds_even_when_food_outside PASSED  [ 74%]
tests/test_snake.py::test_segment_spacing_close_to_seg PASSED            [ 75%]
tests/test_snake.py::test_ensure_path_len_covers_body PASSED             [ 76%]
tests/test_snake.py::test_body_len_floor PASSED                          [ 77%]
tests/test_snake.py::test_path_memory_capped PASSED                      [ 78%]
tests/test_snake.py::test_ok_respects_avoid_rects PASSED                 [ 79%]
tests/test_snake.py::test_pos_head_is_zero_behind PASSED                 [ 80%]
tests/test_snake.py::test_forced_angle_used_once PASSED                  [ 81%]
tests/test_snake.py::test_turn_continuity_t02 PASSED                     [ 82%]
tests/test_snake.py::test_chase_converge_800px_t03 PASSED                [ 83%]
tests/test_snake.py::test_corner_escape_t04 PASSED                       [ 83%]
tests/test_snake.py::test_avoid_rects_never_entered PASSED               [ 84%]
tests/test_snake.py::test_eat_radius_constant PASSED                     [ 85%]
tests/test_snake.py::test_min_turn_deadzone_v51 PASSED                   [ 86%]
tests/test_snake.py::test_initial_body_start_v51 PASSED                  [ 87%]
tests/test_snake.py::test_head_starts_at_spawn PASSED                    [ 88%]
tests/test_snake.py::test_initial_body_len PASSED                        [ 89%]
tests/test_watchdog_logic.py::test_place_below_foreground_skips_desktop_and_self PASSED [ 90%]
tests/test_watchdog_logic.py::test_place_below_foreground_inserts_after_foreground PASSED [ 91%]
tests/test_watchdog_logic.py::test_swp_flags_must_not_contain_nozorder PASSED [ 92%]
tests/test_watchdog_logic.py::test_desktop_window_is_not_covered PASSED  [ 93%]
tests/test_watchdog_logic.py::test_long_cover_refreshes_instead_of_rebuilding PASSED [ 94%]
tests/test_watchdog_logic.py::test_cover_end_refreshes_instead_of_rebuilding PASSED [ 95%]
tests/test_watchdog_logic.py::test_stale_surface_refreshes_and_never_rebuilds PASSED [ 96%]
tests/test_watchdog_logic.py::test_fresh_surface_never_rebuilds PASSED   [ 97%]
tests/test_watchdog_logic.py::test_watchdog_never_calls_rebuild_window PASSED [ 98%]
tests/test_watchdog_logic.py::test_lost_hwnd_is_retried_with_throttle PASSED [ 99%]
tests/test_watchdog_logic.py::test_rebuild_resets_cover_state PASSED     [100%][safe-delete][SAFE_DELETE_FAIL_CLOSED] {"target": "\\\\?\\C:\\Users\\42884\\AppData\\Local\\Temp\\pytest-of-42884\\garbage-2ee5b7de-49c7-4147-a5c7-bd359fa671ce", "reason": "windows-sandbox-recycle-bin-unavailable"}
[safe-delete][SAFE_DELETE_FAIL_CLOSED] {"target": "\\\\?\\C:\\Users\\42884\\AppData\\Local\\Temp\\pytest-of-42884\\garbage-bb066637-b9ad-4e3f-92b7-7d082b92947e", "reason": "windows-sandbox-recycle-bin-unavailable"}


============================= 106 passed in 8.69s =============================
